<?xml version="1.0" encoding="UTF-8"?>
<testng-results ignored="0" total="1" passed="1" failed="0" skipped="0">
  <reporter-output>
  </reporter-output>
  <suite started-at="2025-02-05T12:10:44 IST" name="Default suite" finished-at="2025-02-05T12:10:44 IST" duration-ms="91">
    <groups>
    </groups>
    <test started-at="2025-02-05T12:10:44 IST" name="Default test" finished-at="2025-02-05T12:10:44 IST" duration-ms="91">
      <class name="com.crm.sample12.githuppratice">
        <test-method signature="m1()[pri:0, instance:com.crm.sample12.githuppratice@77fbd92c]" started-at="2025-02-05T12:10:44 IST" name="m1" finished-at="2025-02-05T12:10:44 IST" duration-ms="18" status="PASS">
          <reporter-output>
          </reporter-output>
        </test-method> <!-- m1 -->
      </class> <!-- com.crm.sample12.githuppratice -->
    </test> <!-- Default test -->
  </suite> <!-- Default suite -->
</testng-results>
